2025-02-17 12:10:46,452 - transform_log - DEBUG - running a spark session, starting the transformation
2025-02-17 12:10:49,021 - transform_log - DEBUG - Getting all files from the arlington-county-property-datasets bucket
2025-02-17 12:12:28,520 - transform_log - DEBUG - The columns that are all null values will be dropped: []
2025-02-17 12:13:37,853 - transform_log - DEBUG - SALE DATE columns with data types: [('saleDateKey', 'int'), ('saleDate', 'date'), ('year', 'int'), ('month', 'int'), ('day', 'int'), ('weekday', 'int'), ('quarter', 'int')]
2025-02-17 12:14:03,328 - transform_log - DEBUG - -sales- columns with data types: [('salesHistoryKey', 'bigint'), ('realEstatePropertyCode', 'int'), ('propertyKey', 'bigint'), ('salesTypeKey', 'bigint'), ('saleDateKey', 'int'), ('saleAmt', 'bigint')]
2025-02-17 12:14:03,978 - transform_log - DEBUG - SALE DATE columns with data types: [('saleDateKey', 'int'), ('saleDate', 'date'), ('year', 'int'), ('month', 'int'), ('day', 'int'), ('weekday', 'int'), ('quarter', 'int')]
2025-02-17 12:14:07,714 - transform_log - DEBUG - The columns that are null will be dropped: []
2025-02-17 12:14:13,114 - transform_log - DEBUG - DWELLINGS GENERAL columns with data types: [('dwellingKey', 'bigint'), ('propertyKey', 'bigint'), ('realEstatePropertyCode', 'int'), ('basementFinishedRecRoomSquareFeetQty', 'int'), ('basementRecRoomTypeDsc', 'string'), ('coolingTypeDsc', 'string'), ('dwellingTypeDsc', 'string'), ('heatingTypeDsc', 'string'), ('dwellingYearBuiltDate', 'bigint'), ('storiesQuantityDsc', 'string'), ('fireplaceCnt', 'bigint')]
2025-02-17 12:14:35,147 - transform_log - DEBUG - DWELLINGS INTERIOR columns with data types: [('improvementInteriorKey', 'bigint'), ('realEstatePropertyCode', 'int'), ('baseAreaSquareFeetQty', 'bigint'), ('bedroomCnt', 'bigint'), ('finishedAreaSquareFeetQty', 'bigint'), ('twoFixtureBathroomCnt', 'bigint'), ('threeFixtureBathroomCnt', 'bigint'), ('fourFixtureBathroomCnt', 'bigint'), ('fiveFixtureBathroomCnt', 'bigint'), ('floorNbr', 'string'), ('floorKey', 'bigint')]
2025-02-17 12:14:35,439 - transform_log - DEBUG - PROPERTY CLASS columns with data types: [('propertyClassTypeCode', 'string'), ('propertyClassTypeDsc', 'string'), ('propertyClassTypeKey', 'int')]
2025-02-17 12:14:35,692 - transform_log - DEBUG - The columns that are null will be dropped: []
2025-02-17 12:15:50,249 - transform_log - DEBUG - -outbuildings- columns with data types: [('outbuildingKey', 'bigint'), ('outbuildingBaseKey', 'bigint'), ('realEstatePropertyCode', 'int'), ('outbuildingTypeDsc', 'string'), ('outbuildingSquareFeetQty', 'bigint')]
2025-02-17 13:23:30,570 - transform_log - DEBUG - running a spark session, starting the transformation
2025-02-17 13:23:33,805 - transform_log - DEBUG - Getting all files from the arlington-county-property-datasets bucket
2025-02-17 13:26:33,379 - transform_log - DEBUG - SALE DATE columns with data types: [('saleDateKey', 'int'), ('saleDate', 'date'), ('year', 'int'), ('month', 'int'), ('day', 'int'), ('weekday', 'int'), ('quarter', 'int')]
2025-02-17 13:26:33,539 - transform_log - DEBUG - SALE columns with data types: [('salesHistoryKey', 'bigint'), ('realEstatePropertyCode', 'int'), ('propertyKey', 'bigint'), ('salesTypeKey', 'bigint'), ('saleDateKey', 'int'), ('saleAmt', 'bigint')]
2025-02-17 13:26:34,209 - transform_log - DEBUG - SALE DATE columns with data types: [('saleDateKey', 'int'), ('saleDate', 'date'), ('year', 'int'), ('month', 'int'), ('day', 'int'), ('weekday', 'int'), ('quarter', 'int')]
2025-02-17 13:26:36,003 - transform_log - DEBUG - The columns that are null will be dropped: []
2025-02-17 13:26:41,023 - transform_log - DEBUG - DWELLINGS GENERAL columns with data types: [('dwellingKey', 'bigint'), ('propertyKey', 'bigint'), ('realEstatePropertyCode', 'int'), ('basementFinishedRecRoomSquareFeetQty', 'int'), ('basementRecRoomTypeDsc', 'string'), ('coolingTypeDsc', 'string'), ('dwellingTypeDsc', 'string'), ('heatingTypeDsc', 'string'), ('dwellingYearBuiltDate', 'bigint'), ('storiesQuantityDsc', 'string'), ('fireplaceCnt', 'bigint')]
2025-02-17 13:27:02,927 - transform_log - DEBUG - DWELLINGS INTERIOR columns with data types: [('improvementInteriorKey', 'bigint'), ('realEstatePropertyCode', 'int'), ('baseAreaSquareFeetQty', 'bigint'), ('bedroomCnt', 'bigint'), ('finishedAreaSquareFeetQty', 'bigint'), ('twoFixtureBathroomCnt', 'bigint'), ('threeFixtureBathroomCnt', 'bigint'), ('fourFixtureBathroomCnt', 'bigint'), ('fiveFixtureBathroomCnt', 'bigint'), ('floorNbr', 'string'), ('floorKey', 'bigint')]
2025-02-17 13:27:03,149 - transform_log - DEBUG - PROPERTY CLASS columns with data types: [('propertyClassTypeCode', 'string'), ('propertyClassTypeDsc', 'string'), ('propertyClassTypeKey', 'int')]
2025-02-17 13:27:03,431 - transform_log - DEBUG - The columns that are null will be dropped: []
2025-02-17 13:27:03,469 - transform_log - DEBUG - -outbuildings- columns with data types: [('outbuildingKey', 'bigint'), ('outbuildingBaseKey', 'bigint'), ('realEstatePropertyCode', 'int'), ('outbuildingTypeDsc', 'string'), ('outbuildingSquareFeetQty', 'bigint')]
2025-02-17 13:27:45,282 - transform_log - DEBUG - PROPERTY columns with data types: [('propertyKey', 'bigint'), ('realEstatePropertyCode', 'int'), ('legalDsc', 'string'), ('lotSizeQty', 'bigint'), ('propertyStreetName', 'string'), ('propertyCityName', 'string'), ('propertyZipCode', 'string')]
2025-02-17 13:40:27,815 - transform_log - DEBUG - running a spark session, starting the transformation
2025-02-17 13:40:30,282 - transform_log - DEBUG - Getting all files from the arlington-county-property-datasets bucket
2025-02-17 13:42:24,664 - transform_log - DEBUG - SALE DATE columns with data types: [('saleDateKey', 'int'), ('saleDate', 'date'), ('year', 'int'), ('month', 'int'), ('day', 'int'), ('weekday', 'int'), ('quarter', 'int')]
2025-02-17 13:42:24,748 - transform_log - DEBUG - SALE columns with data types: [('salesHistoryKey', 'bigint'), ('realEstatePropertyCode', 'int'), ('propertyKey', 'bigint'), ('salesTypeKey', 'bigint'), ('saleDateKey', 'int'), ('saleAmt', 'bigint')]
2025-02-17 13:42:25,101 - transform_log - DEBUG - SALE DATE columns with data types: [('saleDateKey', 'int'), ('saleDate', 'date'), ('year', 'int'), ('month', 'int'), ('day', 'int'), ('weekday', 'int'), ('quarter', 'int')]
2025-02-17 13:42:25,753 - transform_log - DEBUG - The columns that are null will be dropped: []
2025-02-17 13:42:27,561 - transform_log - DEBUG - DWELLINGS GENERAL columns with data types: [('dwellingKey', 'bigint'), ('propertyKey', 'bigint'), ('realEstatePropertyCode', 'int'), ('basementFinishedRecRoomSquareFeetQty', 'int'), ('basementRecRoomTypeDsc', 'string'), ('coolingTypeDsc', 'string'), ('dwellingTypeDsc', 'string'), ('heatingTypeDsc', 'string'), ('dwellingYearBuiltDate', 'bigint'), ('storiesQuantityDsc', 'string'), ('fireplaceCnt', 'bigint')]
2025-02-17 13:42:32,840 - transform_log - DEBUG - DWELLINGS INTERIOR columns with data types: [('improvementInteriorKey', 'bigint'), ('realEstatePropertyCode', 'int'), ('baseAreaSquareFeetQty', 'bigint'), ('bedroomCnt', 'bigint'), ('finishedAreaSquareFeetQty', 'bigint'), ('twoFixtureBathroomCnt', 'bigint'), ('threeFixtureBathroomCnt', 'bigint'), ('fourFixtureBathroomCnt', 'bigint'), ('fiveFixtureBathroomCnt', 'bigint'), ('floorNbr', 'string'), ('floorKey', 'bigint')]
2025-02-17 13:42:32,987 - transform_log - DEBUG - PROPERTY CLASS columns with data types: [('propertyClassTypeCode', 'string'), ('propertyClassTypeDsc', 'string'), ('propertyClassTypeKey', 'int')]
2025-02-17 13:42:33,134 - transform_log - DEBUG - The columns that are null will be dropped: []
2025-02-17 13:42:33,617 - transform_log - DEBUG - OUTBUILDINGS columns with data types: [('outbuildingKey', 'bigint'), ('outbuildingBaseKey', 'bigint'), ('realEstatePropertyCode', 'int'), ('outbuildingTypeDsc', 'string'), ('outbuildingSquareFeetQty', 'bigint')]
2025-02-17 13:42:46,564 - transform_log - DEBUG - PROPERTY columns with data types: [('propertyKey', 'bigint'), ('realEstatePropertyCode', 'int'), ('legalDsc', 'string'), ('lotSizeQty', 'bigint'), ('propertyStreetName', 'string'), ('propertyCityName', 'string'), ('propertyZipCode', 'string')]
2025-02-17 13:48:01,335 - transform_log - DEBUG - running a spark session, starting the transformation
2025-02-17 13:48:02,106 - transform_log - DEBUG - Getting all files from the arlington-county-property-datasets bucket
2025-02-17 13:49:50,693 - transform_log - DEBUG - SALE DATE columns with data types: [('saleDateKey', 'int'), ('saleDate', 'date'), ('year', 'int'), ('month', 'int'), ('day', 'int'), ('weekday', 'int'), ('quarter', 'int')]
2025-02-17 13:50:00,530 - transform_log - DEBUG - number of rows remain:172093
2025-02-17 13:50:00,549 - transform_log - DEBUG - SALES columns with data types: [('salesHistoryKey', 'bigint'), ('realEstatePropertyCode', 'int'), ('propertyKey', 'bigint'), ('salesTypeKey', 'bigint'), ('saleDateKey', 'int'), ('saleAmt', 'bigint')]
2025-02-17 13:50:00,873 - transform_log - DEBUG - SALE DATE columns with data types: [('saleDateKey', 'int'), ('saleDate', 'date'), ('year', 'int'), ('month', 'int'), ('day', 'int'), ('weekday', 'int'), ('quarter', 'int')]
2025-02-17 13:50:02,311 - transform_log - DEBUG - The columns that are null will be dropped: []
2025-02-17 13:50:04,187 - transform_log - DEBUG - DWELLINGS GENERAL columns with data types: [('dwellingKey', 'bigint'), ('propertyKey', 'bigint'), ('realEstatePropertyCode', 'int'), ('basementFinishedRecRoomSquareFeetQty', 'int'), ('basementRecRoomTypeDsc', 'string'), ('coolingTypeDsc', 'string'), ('dwellingTypeDsc', 'string'), ('heatingTypeDsc', 'string'), ('dwellingYearBuiltDate', 'bigint'), ('storiesQuantityDsc', 'string'), ('fireplaceCnt', 'bigint')]
2025-02-17 13:50:09,501 - transform_log - DEBUG - DWELLINGS INTERIOR columns with data types: [('improvementInteriorKey', 'bigint'), ('realEstatePropertyCode', 'int'), ('baseAreaSquareFeetQty', 'bigint'), ('bedroomCnt', 'bigint'), ('finishedAreaSquareFeetQty', 'bigint'), ('twoFixtureBathroomCnt', 'bigint'), ('threeFixtureBathroomCnt', 'bigint'), ('fourFixtureBathroomCnt', 'bigint'), ('fiveFixtureBathroomCnt', 'bigint'), ('floorNbr', 'string'), ('floorKey', 'bigint')]
2025-02-17 13:50:09,605 - transform_log - DEBUG - PROPERTY CLASS columns with data types: [('propertyClassTypeCode', 'string'), ('propertyClassTypeDsc', 'string'), ('propertyClassTypeKey', 'int')]
2025-02-17 13:50:09,674 - transform_log - DEBUG - The columns that are null will be dropped: []
2025-02-17 13:50:10,033 - transform_log - DEBUG - OUTBUILDINGS columns with data types: [('outbuildingKey', 'bigint'), ('outbuildingBaseKey', 'bigint'), ('realEstatePropertyCode', 'int'), ('outbuildingTypeDsc', 'string'), ('outbuildingSquareFeetQty', 'bigint')]
2025-02-17 13:50:22,214 - transform_log - DEBUG - PROPERTY columns with data types: [('propertyKey', 'bigint'), ('realEstatePropertyCode', 'int'), ('legalDsc', 'string'), ('lotSizeQty', 'bigint'), ('propertyStreetName', 'string'), ('propertyCityName', 'string'), ('propertyZipCode', 'string')]
